# JRE version: OpenJDK Runtime Environment (8.0_202-b03) (build 1.8.0_202-release-1483-b03)
# Java VM: OpenJDK 64-Bit Server VM (25.202-b03 mixed mode windows-amd64 compressed oops)
Heap:
 PSYoungGen      total 384512K, used 351046K [0x00000000e0000000, 0x00000000fa680000, 0x0000000100000000)
  eden space 341504K, 93% used [0x00000000e0000000,0x00000000f38d1c78,0x00000000f4d80000)
  from space 43008K, 71% used [0x00000000f7c00000,0x00000000f99ffe58,0x00000000fa600000)
  to   space 45568K, 0% used [0x00000000f4d80000,0x00000000f4d80000,0x00000000f7a00000)
 ParOldGen       total 202240K, used 99927K [0x00000000a0000000, 0x00000000ac580000, 0x00000000e0000000)
  object space 202240K, 49% used [0x00000000a0000000,0x00000000a6195fc0,0x00000000ac580000)
 Metaspace       used 93034K, capacity 96828K, committed 96984K, reserved 1134592K
  class space    used 11965K, capacity 12717K, committed 12800K, reserved 1048576K
GC Heap History (10 events):
Event: 73.682 GC heap before
{Heap before GC invocations=18 (full 3):
 PSYoungGen      total 275968K, used 271491K [0x00000000e0000000, 0x00000000f2800000, 0x0000000100000000)
  eden space 263168K, 100% used [0x00000000e0000000,0x00000000f0100000,0x00000000f0100000)
  from space 12800K, 65% used [0x00000000f1b80000,0x00000000f23a0df0,0x00000000f2800000)
  to   space 19968K, 0% used [0x00000000f0100000,0x00000000f0100000,0x00000000f1480000)
 ParOldGen       total 105472K, used 54446K [0x00000000a0000000, 0x00000000a6700000, 0x00000000e0000000)
  object space 105472K, 51% used [0x00000000a0000000,0x00000000a352b910,0x00000000a6700000)
 Metaspace       used 85331K, capacity 88322K, committed 88408K, reserved 1126400K
  class space    used 11237K, capacity 11866K, committed 11904K, reserved 1048576K
Event: 73.841 GC heap after
Heap after GC invocations=18 (full 3):
 PSYoungGen      total 283136K, used 19963K [0x00000000e0000000, 0x00000000f7600000, 0x0000000100000000)
  eden space 263168K, 0% used [0x00000000e0000000,0x00000000e0000000,0x00000000f0100000)
  from space 19968K, 99% used [0x00000000f0100000,0x00000000f147ec98,0x00000000f1480000)
  to   space 31744K, 0% used [0x00000000f5700000,0x00000000f5700000,0x00000000f7600000)
 ParOldGen       total 105472K, used 79194K [0x00000000a0000000, 0x00000000a6700000, 0x00000000e0000000)
  object space 105472K, 75% used [0x00000000a0000000,0x00000000a4d56be8,0x00000000a6700000)
 Metaspace       used 85331K, capacity 88322K, committed 88408K, reserved 1126400K
  class space    used 11237K, capacity 11866K, committed 11904K, reserved 1048576K
}
Event: 80.884 GC heap before
{Heap before GC invocations=19 (full 3):
 PSYoungGen      total 283136K, used 283131K [0x00000000e0000000, 0x00000000f7600000, 0x0000000100000000)
  eden space 263168K, 100% used [0x00000000e0000000,0x00000000f0100000,0x00000000f0100000)
  from space 19968K, 99% used [0x00000000f0100000,0x00000000f147ec98,0x00000000f1480000)
  to   space 31744K, 0% used [0x00000000f5700000,0x00000000f5700000,0x00000000f7600000)
 ParOldGen       total 105472K, used 79194K [0x00000000a0000000, 0x00000000a6700000, 0x00000000e0000000)
  object space 105472K, 75% used [0x00000000a0000000,0x00000000a4d56be8,0x00000000a6700000)
 Metaspace       used 88857K, capacity 92420K, committed 92632K, reserved 1130496K
  class space    used 11580K, capacity 12281K, committed 12288K, reserved 1048576K
Event: 81.025 GC heap after
Heap after GC invocations=19 (full 3):
 PSYoungGen      total 337920K, used 31719K [0x00000000e0000000, 0x00000000f9500000, 0x0000000100000000)
  eden space 306176K, 0% used [0x00000000e0000000,0x00000000e0000000,0x00000000f2b00000)
  from space 31744K, 99% used [0x00000000f5700000,0x00000000f75f9fd8,0x00000000f7600000)
  to   space 45056K, 0% used [0x00000000f2b00000,0x00000000f2b00000,0x00000000f5700000)
 ParOldGen       total 105472K, used 101385K [0x00000000a0000000, 0x00000000a6700000, 0x00000000e0000000)
  object space 105472K, 96% used [0x00000000a0000000,0x00000000a6302598,0x00000000a6700000)
 Metaspace       used 88857K, capacity 92420K, committed 92632K, reserved 1130496K
  class space    used 11580K, capacity 12281K, committed 12288K, reserved 1048576K
}
Event: 81.025 GC heap before
{Heap before GC invocations=20 (full 4):
 PSYoungGen      total 337920K, used 31719K [0x00000000e0000000, 0x00000000f9500000, 0x0000000100000000)
  eden space 306176K, 0% used [0x00000000e0000000,0x00000000e0000000,0x00000000f2b00000)
  from space 31744K, 99% used [0x00000000f5700000,0x00000000f75f9fd8,0x00000000f7600000)
  to   space 45056K, 0% used [0x00000000f2b00000,0x00000000f2b00000,0x00000000f5700000)
 ParOldGen       total 105472K, used 101385K [0x00000000a0000000, 0x00000000a6700000, 0x00000000e0000000)
  object space 105472K, 96% used [0x00000000a0000000,0x00000000a6302598,0x00000000a6700000)
 Metaspace       used 88857K, capacity 92420K, committed 92632K, reserved 1130496K
  class space    used 11580K, capacity 12281K, committed 12288K, reserved 1048576K
Event: 82.434 GC heap after
Heap after GC invocations=20 (full 4):
 PSYoungGen      total 337920K, used 0K [0x00000000e0000000, 0x00000000f9500000, 0x0000000100000000)
  eden space 306176K, 0% used [0x00000000e0000000,0x00000000e0000000,0x00000000f2b00000)
  from space 31744K, 0% used [0x00000000f5700000,0x00000000f5700000,0x00000000f7600000)
  to   space 45056K, 0% used [0x00000000f2b00000,0x00000000f2b00000,0x00000000f5700000)
 ParOldGen       total 202240K, used 99911K [0x00000000a0000000, 0x00000000ac580000, 0x00000000e0000000)
  object space 202240K, 49% used [0x00000000a0000000,0x00000000a6191fc0,0x00000000ac580000)
 Metaspace       used 88705K, capacity 91994K, committed 92632K, reserved 1130496K
  class space    used 11532K, capacity 12198K, committed 12288K, reserved 1048576K
}
Event: 97.234 GC heap before
{Heap before GC invocations=21 (full 4):
 PSYoungGen      total 337920K, used 306176K [0x00000000e0000000, 0x00000000f9500000, 0x0000000100000000)
  eden space 306176K, 100% used [0x00000000e0000000,0x00000000f2b00000,0x00000000f2b00000)
  from space 31744K, 0% used [0x00000000f5700000,0x00000000f5700000,0x00000000f7600000)
  to   space 45056K, 0% used [0x00000000f2b00000,0x00000000f2b00000,0x00000000f5700000)
 ParOldGen       total 202240K, used 99911K [0x00000000a0000000, 0x00000000ac580000, 0x00000000e0000000)
  object space 202240K, 49% used [0x00000000a0000000,0x00000000a6191fc0,0x00000000ac580000)
 Metaspace       used 91377K, capacity 94972K, committed 95320K, reserved 1132544K
  class space    used 11890K, capacity 12573K, committed 12672K, reserved 1048576K
Event: 97.281 GC heap after
Heap after GC invocations=21 (full 4):
 PSYoungGen      total 351232K, used 13886K [0x00000000e0000000, 0x00000000fa600000, 0x0000000100000000)
  eden space 306176K, 0% used [0x00000000e0000000,0x00000000e0000000,0x00000000f2b00000)
  from space 45056K, 30% used [0x00000000f2b00000,0x00000000f388f9c8,0x00000000f5700000)
  to   space 43008K, 0% used [0x00000000f7c00000,0x00000000f7c00000,0x00000000fa600000)
 ParOldGen       total 202240K, used 99919K [0x00000000a0000000, 0x00000000ac580000, 0x00000000e0000000)
  object space 202240K, 49% used [0x00000000a0000000,0x00000000a6193fc0,0x00000000ac580000)
 Metaspace       used 91377K, capacity 94972K, committed 95320K, reserved 1132544K
  class space    used 11890K, capacity 12573K, committed 12672K, reserved 1048576K
}
Event: 116.950 GC heap before
{Heap before GC invocations=22 (full 4):
 PSYoungGen      total 351232K, used 320062K [0x00000000e0000000, 0x00000000fa600000, 0x0000000100000000)
  eden space 306176K, 100% used [0x00000000e0000000,0x00000000f2b00000,0x00000000f2b00000)
  from space 45056K, 30% used [0x00000000f2b00000,0x00000000f388f9c8,0x00000000f5700000)
  to   space 43008K, 0% used [0x00000000f7c00000,0x00000000f7c00000,0x00000000fa600000)
 ParOldGen       total 202240K, used 99919K [0x00000000a0000000, 0x00000000ac580000, 0x00000000e0000000)
  object space 202240K, 49% used [0x00000000a0000000,0x00000000a6193fc0,0x00000000ac580000)
 Metaspace       used 92216K, capacity 95936K, committed 96088K, reserved 1132544K
  class space    used 11924K, capacity 12659K, committed 12672K, reserved 1048576K
Event: 117.026 GC heap after
Heap after GC invocations=22 (full 4):
 PSYoungGen      total 384512K, used 30719K [0x00000000e0000000, 0x00000000fa680000, 0x0000000100000000)
  eden space 341504K, 0% used [0x00000000e0000000,0x00000000e0000000,0x00000000f4d80000)
  from space 43008K, 71% used [0x00000000f7c00000,0x00000000f99ffe58,0x00000000fa600000)
  to   space 45568K, 0% used [0x00000000f4d80000,0x00000000f4d80000,0x00000000f7a00000)
 ParOldGen       total 202240K, used 99927K [0x00000000a0000000, 0x00000000ac580000, 0x00000000e0000000)
  object space 202240K, 49% used [0x00000000a0000000,0x00000000a6195fc0,0x00000000ac580000)
 Metaspace       used 92216K, capacity 95936K, committed 96088K, reserved 1132544K
  class space    used 11924K, capacity 12659K, committed 12672K, reserved 1048576K
}

