# JRE version: OpenJDK Runtime Environment (8.0_202-b03) (build 1.8.0_202-release-1483-b03)
# Java VM: OpenJDK 64-Bit Server VM (25.202-b03 mixed mode windows-amd64 compressed oops)
Heap:
 PSYoungGen      total 223744K, used 88946K [0x00000000e0000000, 0x00000000eeb00000, 0x0000000100000000)
  eden space 206848K, 35% used [0x00000000e0000000,0x00000000e4784e20,0x00000000eca00000)
  from space 16896K, 92% used [0x00000000eca00000,0x00000000ed957ae0,0x00000000eda80000)
  to   space 14848K, 0% used [0x00000000edc80000,0x00000000edc80000,0x00000000eeb00000)
 ParOldGen       total 65024K, used 35901K [0x00000000a0000000, 0x00000000a3f80000, 0x00000000e0000000)
  object space 65024K, 55% used [0x00000000a0000000,0x00000000a230f658,0x00000000a3f80000)
 Metaspace       used 71175K, capacity 74000K, committed 74328K, reserved 1114112K
  class space    used 9671K, capacity 10253K, committed 10368K, reserved 1048576K
GC Heap History (10 events):
Event: 32.300 GC heap before
{Heap before GC invocations=12 (full 2):
 PSYoungGen      total 164352K, used 5409K [0x00000000e0000000, 0x00000000eb700000, 0x0000000100000000)
  eden space 152064K, 0% used [0x00000000e0000000,0x00000000e0000000,0x00000000e9480000)
  from space 12288K, 44% used [0x00000000ea000000,0x00000000ea5486e8,0x00000000eac00000)
  to   space 11776K, 0% used [0x00000000e9480000,0x00000000e9480000,0x00000000ea000000)
 ParOldGen       total 46080K, used 12677K [0x00000000a0000000, 0x00000000a2d00000, 0x00000000e0000000)
  object space 46080K, 27% used [0x00000000a0000000,0x00000000a0c61590,0x00000000a2d00000)
 Metaspace       used 34659K, capacity 35378K, committed 35456K, reserved 1079296K
  class space    used 4766K, capacity 4952K, committed 4992K, reserved 1048576K
Event: 32.460 GC heap after
Heap after GC invocations=12 (full 2):
 PSYoungGen      total 164352K, used 0K [0x00000000e0000000, 0x00000000eb700000, 0x0000000100000000)
  eden space 152064K, 0% used [0x00000000e0000000,0x00000000e0000000,0x00000000e9480000)
  from space 12288K, 0% used [0x00000000ea000000,0x00000000ea000000,0x00000000eac00000)
  to   space 11776K, 0% used [0x00000000e9480000,0x00000000e9480000,0x00000000ea000000)
 ParOldGen       total 65024K, used 15508K [0x00000000a0000000, 0x00000000a3f80000, 0x00000000e0000000)
  object space 65024K, 23% used [0x00000000a0000000,0x00000000a0f253f8,0x00000000a3f80000)
 Metaspace       used 34654K, capacity 35360K, committed 35456K, reserved 1079296K
  class space    used 4764K, capacity 4949K, committed 4992K, reserved 1048576K
}
Event: 43.760 GC heap before
{Heap before GC invocations=13 (full 2):
 PSYoungGen      total 164352K, used 152064K [0x00000000e0000000, 0x00000000eb700000, 0x0000000100000000)
  eden space 152064K, 100% used [0x00000000e0000000,0x00000000e9480000,0x00000000e9480000)
  from space 12288K, 0% used [0x00000000ea000000,0x00000000ea000000,0x00000000eac00000)
  to   space 11776K, 0% used [0x00000000e9480000,0x00000000e9480000,0x00000000ea000000)
 ParOldGen       total 65024K, used 15508K [0x00000000a0000000, 0x00000000a3f80000, 0x00000000e0000000)
  object space 65024K, 23% used [0x00000000a0000000,0x00000000a0f253f8,0x00000000a3f80000)
 Metaspace       used 48578K, capacity 49822K, committed 49920K, reserved 1091584K
  class space    used 6511K, capacity 6824K, committed 6912K, reserved 1048576K
Event: 43.847 GC heap after
Heap after GC invocations=13 (full 2):
 PSYoungGen      total 163840K, used 11760K [0x00000000e0000000, 0x00000000eec00000, 0x0000000100000000)
  eden space 152064K, 0% used [0x00000000e0000000,0x00000000e0000000,0x00000000e9480000)
  from space 11776K, 99% used [0x00000000e9480000,0x00000000e9ffc0e8,0x00000000ea000000)
  to   space 15872K, 0% used [0x00000000edc80000,0x00000000edc80000,0x00000000eec00000)
 ParOldGen       total 65024K, used 23002K [0x00000000a0000000, 0x00000000a3f80000, 0x00000000e0000000)
  object space 65024K, 35% used [0x00000000a0000000,0x00000000a16768d0,0x00000000a3f80000)
 Metaspace       used 48578K, capacity 49822K, committed 49920K, reserved 1091584K
  class space    used 6511K, capacity 6824K, committed 6912K, reserved 1048576K
}
Event: 52.915 GC heap before
{Heap before GC invocations=14 (full 2):
 PSYoungGen      total 163840K, used 128525K [0x00000000e0000000, 0x00000000eec00000, 0x0000000100000000)
  eden space 152064K, 76% used [0x00000000e0000000,0x00000000e7207670,0x00000000e9480000)
  from space 11776K, 99% used [0x00000000e9480000,0x00000000e9ffc0e8,0x00000000ea000000)
  to   space 15872K, 0% used [0x00000000edc80000,0x00000000edc80000,0x00000000eec00000)
 ParOldGen       total 65024K, used 23002K [0x00000000a0000000, 0x00000000a3f80000, 0x00000000e0000000)
  object space 65024K, 35% used [0x00000000a0000000,0x00000000a16768d0,0x00000000a3f80000)
 Metaspace       used 57494K, capacity 59032K, committed 59096K, reserved 1099776K
  class space    used 7771K, capacity 8167K, committed 8192K, reserved 1048576K
Event: 52.978 GC heap after
Heap after GC invocations=14 (full 2):
 PSYoungGen      total 221696K, used 12497K [0x00000000e0000000, 0x00000000eeb00000, 0x0000000100000000)
  eden space 206848K, 0% used [0x00000000e0000000,0x00000000e0000000,0x00000000eca00000)
  from space 14848K, 84% used [0x00000000edc80000,0x00000000ee8b4698,0x00000000eeb00000)
  to   space 16896K, 0% used [0x00000000eca00000,0x00000000eca00000,0x00000000eda80000)
 ParOldGen       total 65024K, used 32496K [0x00000000a0000000, 0x00000000a3f80000, 0x00000000e0000000)
  object space 65024K, 49% used [0x00000000a0000000,0x00000000a1fbc0d0,0x00000000a3f80000)
 Metaspace       used 57494K, capacity 59032K, committed 59096K, reserved 1099776K
  class space    used 7771K, capacity 8167K, committed 8192K, reserved 1048576K
}
Event: 52.978 GC heap before
{Heap before GC invocations=15 (full 3):
 PSYoungGen      total 221696K, used 12497K [0x00000000e0000000, 0x00000000eeb00000, 0x0000000100000000)
  eden space 206848K, 0% used [0x00000000e0000000,0x00000000e0000000,0x00000000eca00000)
  from space 14848K, 84% used [0x00000000edc80000,0x00000000ee8b4698,0x00000000eeb00000)
  to   space 16896K, 0% used [0x00000000eca00000,0x00000000eca00000,0x00000000eda80000)
 ParOldGen       total 65024K, used 32496K [0x00000000a0000000, 0x00000000a3f80000, 0x00000000e0000000)
  object space 65024K, 49% used [0x00000000a0000000,0x00000000a1fbc0d0,0x00000000a3f80000)
 Metaspace       used 57494K, capacity 59032K, committed 59096K, reserved 1099776K
  class space    used 7771K, capacity 8167K, committed 8192K, reserved 1048576K
Event: 53.547 GC heap after
Heap after GC invocations=15 (full 3):
 PSYoungGen      total 221696K, used 0K [0x00000000e0000000, 0x00000000eeb00000, 0x0000000100000000)
  eden space 206848K, 0% used [0x00000000e0000000,0x00000000e0000000,0x00000000eca00000)
  from space 14848K, 0% used [0x00000000edc80000,0x00000000edc80000,0x00000000eeb00000)
  to   space 16896K, 0% used [0x00000000eca00000,0x00000000eca00000,0x00000000eda80000)
 ParOldGen       total 65024K, used 35893K [0x00000000a0000000, 0x00000000a3f80000, 0x00000000e0000000)
  object space 65024K, 55% used [0x00000000a0000000,0x00000000a230d658,0x00000000a3f80000)
 Metaspace       used 57494K, capacity 59032K, committed 59096K, reserved 1099776K
  class space    used 7771K, capacity 8167K, committed 8192K, reserved 1048576K
}
Event: 73.312 GC heap before
{Heap before GC invocations=16 (full 3):
 PSYoungGen      total 221696K, used 206848K [0x00000000e0000000, 0x00000000eeb00000, 0x0000000100000000)
  eden space 206848K, 100% used [0x00000000e0000000,0x00000000eca00000,0x00000000eca00000)
  from space 14848K, 0% used [0x00000000edc80000,0x00000000edc80000,0x00000000eeb00000)
  to   space 16896K, 0% used [0x00000000eca00000,0x00000000eca00000,0x00000000eda80000)
 ParOldGen       total 65024K, used 35893K [0x00000000a0000000, 0x00000000a3f80000, 0x00000000e0000000)
  object space 65024K, 55% used [0x00000000a0000000,0x00000000a230d658,0x00000000a3f80000)
 Metaspace       used 65224K, capacity 67588K, committed 67672K, reserved 1107968K
  class space    used 8806K, capacity 9297K, committed 9344K, reserved 1048576K
Event: 73.376 GC heap after
Heap after GC invocations=16 (full 3):
 PSYoungGen      total 223744K, used 15710K [0x00000000e0000000, 0x00000000eeb00000, 0x0000000100000000)
  eden space 206848K, 0% used [0x00000000e0000000,0x00000000e0000000,0x00000000eca00000)
  from space 16896K, 92% used [0x00000000eca00000,0x00000000ed957ae0,0x00000000eda80000)
  to   space 14848K, 0% used [0x00000000edc80000,0x00000000edc80000,0x00000000eeb00000)
 ParOldGen       total 65024K, used 35901K [0x00000000a0000000, 0x00000000a3f80000, 0x00000000e0000000)
  object space 65024K, 55% used [0x00000000a0000000,0x00000000a230f658,0x00000000a3f80000)
 Metaspace       used 65224K, capacity 67588K, committed 67672K, reserved 1107968K
  class space    used 8806K, capacity 9297K, committed 9344K, reserved 1048576K
}

