# JRE version: Java(TM) SE Runtime Environment (12.0.2+10) (build 12.0.2+10)
# Java VM: Java HotSpot(TM) 64-Bit Server VM (12.0.2+10, mixed mode, sharing, tiered, compressed oops, g1 gc, windows-amd64)
Heap:
 garbage-first heap   total 145408K, used 88811K [0x00000000a0000000, 0x0000000100000000)
  region size 1024K, 20 young (20480K), 4 survivors (4096K)
 Metaspace       used 71812K, capacity 73440K, committed 73628K, reserved 1114112K
  class space    used 9431K, capacity 9955K, committed 9984K, reserved 1048576K
GC Heap History (10 events):
Event: 83.103 GC heap before
{Heap before GC invocations=48 (full 0):
 garbage-first heap   total 145408K, used 104024K [0x00000000a0000000, 0x0000000100000000)
  region size 1024K, 24 young (24576K), 4 survivors (4096K)
 Metaspace       used 64786K, capacity 66111K, committed 66204K, reserved 1105920K
  class space    used 8462K, capacity 8911K, committed 8960K, reserved 1048576K
}
Event: 83.118 GC heap after
{Heap after GC invocations=49 (full 0):
 garbage-first heap   total 145408K, used 76135K [0x00000000a0000000, 0x0000000100000000)
  region size 1024K, 2 young (2048K), 2 survivors (2048K)
 Metaspace       used 64786K, capacity 66111K, committed 66204K, reserved 1105920K
  class space    used 8462K, capacity 8911K, committed 8960K, reserved 1048576K
}
Event: 95.404 GC heap before
{Heap before GC invocations=49 (full 0):
 garbage-first heap   total 145408K, used 105831K [0x00000000a0000000, 0x0000000100000000)
  region size 1024K, 32 young (32768K), 2 survivors (2048K)
 Metaspace       used 65868K, capacity 67238K, committed 67356K, reserved 1107968K
  class space    used 8572K, capacity 9026K, committed 9088K, reserved 1048576K
}
Event: 95.409 GC heap after
{Heap after GC invocations=50 (full 0):
 garbage-first heap   total 145408K, used 75528K [0x00000000a0000000, 0x0000000100000000)
  region size 1024K, 2 young (2048K), 2 survivors (2048K)
 Metaspace       used 65868K, capacity 67238K, committed 67356K, reserved 1107968K
  class space    used 8572K, capacity 9026K, committed 9088K, reserved 1048576K
}
Event: 122.270 GC heap before
{Heap before GC invocations=51 (full 0):
 garbage-first heap   total 145408K, used 106248K [0x00000000a0000000, 0x0000000100000000)
  region size 1024K, 34 young (34816K), 2 survivors (2048K)
 Metaspace       used 67234K, capacity 68724K, committed 68764K, reserved 1110016K
  class space    used 8728K, capacity 9183K, committed 9216K, reserved 1048576K
}
Event: 122.279 GC heap after
{Heap after GC invocations=52 (full 0):
 garbage-first heap   total 145408K, used 75065K [0x00000000a0000000, 0x0000000100000000)
  region size 1024K, 3 young (3072K), 3 survivors (3072K)
 Metaspace       used 67234K, capacity 68724K, committed 68764K, reserved 1110016K
  class space    used 8728K, capacity 9183K, committed 9216K, reserved 1048576K
}
Event: 122.466 GC heap before
{Heap before GC invocations=52 (full 0):
 garbage-first heap   total 145408K, used 79161K [0x00000000a0000000, 0x0000000100000000)
  region size 1024K, 7 young (7168K), 3 survivors (3072K)
 Metaspace       used 67623K, capacity 69108K, committed 69404K, reserved 1110016K
  class space    used 8791K, capacity 9247K, committed 9344K, reserved 1048576K
}
Event: 122.474 GC heap after
{Heap after GC invocations=53 (full 0):
 garbage-first heap   total 145408K, used 70538K [0x00000000a0000000, 0x0000000100000000)
  region size 1024K, 1 young (1024K), 1 survivors (1024K)
 Metaspace       used 67623K, capacity 69108K, committed 69404K, reserved 1110016K
  class space    used 8791K, capacity 9247K, committed 9344K, reserved 1048576K
}
Event: 124.610 GC heap before
{Heap before GC invocations=53 (full 0):
 garbage-first heap   total 145408K, used 107402K [0x00000000a0000000, 0x0000000100000000)
  region size 1024K, 37 young (37888K), 1 survivors (1024K)
 Metaspace       used 69815K, capacity 71356K, committed 71452K, reserved 1112064K
  class space    used 9112K, capacity 9598K, committed 9600K, reserved 1048576K
}
Event: 124.624 GC heap after
{Heap after GC invocations=54 (full 0):
 garbage-first heap   total 145408K, used 73451K [0x00000000a0000000, 0x0000000100000000)
  region size 1024K, 4 young (4096K), 4 survivors (4096K)
 Metaspace       used 69815K, capacity 71356K, committed 71452K, reserved 1112064K
  class space    used 9112K, capacity 9598K, committed 9600K, reserved 1048576K
}

