# JRE version: OpenJDK Runtime Environment (8.0_202-b03) (build 1.8.0_202-release-1483-b03)
# Java VM: OpenJDK 64-Bit Server VM (25.202-b03 mixed mode windows-amd64 compressed oops)
Heap:
 PSYoungGen      total 309248K, used 159856K [0x00000000e0000000, 0x00000000f7d80000, 0x0000000100000000)
  eden space 267264K, 58% used [0x00000000e0000000,0x00000000e994d078,0x00000000f0500000)
  from space 41984K, 6% used [0x00000000f0500000,0x00000000f07cf158,0x00000000f2e00000)
  to   space 41984K, 0% used [0x00000000f5480000,0x00000000f5480000,0x00000000f7d80000)
 ParOldGen       total 151552K, used 113715K [0x00000000a0000000, 0x00000000a9400000, 0x00000000e0000000)
  object space 151552K, 75% used [0x00000000a0000000,0x00000000a6f0ce18,0x00000000a9400000)
 Metaspace       used 154864K, capacity 161291K, committed 163112K, reserved 1191936K
  class space    used 19450K, capacity 20618K, committed 21032K, reserved 1048576K
GC Heap History (10 events):
Event: 4095.012 GC heap before
{Heap before GC invocations=37 (full 4):
 PSYoungGen      total 230400K, used 213145K [0x00000000e0000000, 0x00000000eff00000, 0x0000000100000000)
  eden space 198144K, 100% used [0x00000000e0000000,0x00000000ec180000,0x00000000ec180000)
  from space 32256K, 46% used [0x00000000edf80000,0x00000000eee266c8,0x00000000eff00000)
  to   space 30720K, 0% used [0x00000000ec180000,0x00000000ec180000,0x00000000edf80000)
 ParOldGen       total 151552K, used 68903K [0x00000000a0000000, 0x00000000a9400000, 0x00000000e0000000)
  object space 151552K, 45% used [0x00000000a0000000,0x00000000a4349c10,0x00000000a9400000)
 Metaspace       used 129262K, capacity 134377K, committed 137256K, reserved 1169408K
  class space    used 16152K, capacity 17137K, committed 17704K, reserved 1048576K
Event: 4095.164 GC heap after
Heap after GC invocations=37 (full 4):
 PSYoungGen      total 228864K, used 30702K [0x00000000e0000000, 0x00000000f3580000, 0x0000000100000000)
  eden space 198144K, 0% used [0x00000000e0000000,0x00000000e0000000,0x00000000ec180000)
  from space 30720K, 99% used [0x00000000ec180000,0x00000000edf7b800,0x00000000edf80000)
  to   space 41472K, 0% used [0x00000000f0d00000,0x00000000f0d00000,0x00000000f3580000)
 ParOldGen       total 151552K, used 87020K [0x00000000a0000000, 0x00000000a9400000, 0x00000000e0000000)
  object space 151552K, 57% used [0x00000000a0000000,0x00000000a54fb3e8,0x00000000a9400000)
 Metaspace       used 129262K, capacity 134377K, committed 137256K, reserved 1169408K
  class space    used 16152K, capacity 17137K, committed 17704K, reserved 1048576K
}
Event: 4106.135 GC heap before
{Heap before GC invocations=38 (full 4):
 PSYoungGen      total 228864K, used 228846K [0x00000000e0000000, 0x00000000f3580000, 0x0000000100000000)
  eden space 198144K, 100% used [0x00000000e0000000,0x00000000ec180000,0x00000000ec180000)
  from space 30720K, 99% used [0x00000000ec180000,0x00000000edf7b800,0x00000000edf80000)
  to   space 41472K, 0% used [0x00000000f0d00000,0x00000000f0d00000,0x00000000f3580000)
 ParOldGen       total 151552K, used 87020K [0x00000000a0000000, 0x00000000a9400000, 0x00000000e0000000)
  object space 151552K, 57% used [0x00000000a0000000,0x00000000a54fb3e8,0x00000000a9400000)
 Metaspace       used 148430K, capacity 154079K, committed 156200K, reserved 1185792K
  class space    used 18638K, capacity 19682K, committed 20008K, reserved 1048576K
Event: 4106.239 GC heap after
Heap after GC invocations=38 (full 4):
 PSYoungGen      total 272896K, used 28759K [0x00000000e0000000, 0x00000000f3600000, 0x0000000100000000)
  eden space 231424K, 0% used [0x00000000e0000000,0x00000000e0000000,0x00000000ee200000)
  from space 41472K, 69% used [0x00000000f0d00000,0x00000000f2915e68,0x00000000f3580000)
  to   space 43008K, 0% used [0x00000000ee200000,0x00000000ee200000,0x00000000f0c00000)
 ParOldGen       total 151552K, used 97162K [0x00000000a0000000, 0x00000000a9400000, 0x00000000e0000000)
  object space 151552K, 64% used [0x00000000a0000000,0x00000000a5ee2978,0x00000000a9400000)
 Metaspace       used 148430K, capacity 154079K, committed 156200K, reserved 1185792K
  class space    used 18638K, capacity 19682K, committed 20008K, reserved 1048576K
}
Event: 4113.318 GC heap before
{Heap before GC invocations=39 (full 4):
 PSYoungGen      total 272896K, used 260183K [0x00000000e0000000, 0x00000000f3600000, 0x0000000100000000)
  eden space 231424K, 100% used [0x00000000e0000000,0x00000000ee200000,0x00000000ee200000)
  from space 41472K, 69% used [0x00000000f0d00000,0x00000000f2915e68,0x00000000f3580000)
  to   space 43008K, 0% used [0x00000000ee200000,0x00000000ee200000,0x00000000f0c00000)
 ParOldGen       total 151552K, used 97162K [0x00000000a0000000, 0x00000000a9400000, 0x00000000e0000000)
  object space 151552K, 64% used [0x00000000a0000000,0x00000000a5ee2978,0x00000000a9400000)
 Metaspace       used 154420K, capacity 160761K, committed 162472K, reserved 1191936K
  class space    used 19424K, capacity 20579K, committed 20904K, reserved 1048576K
Event: 4113.379 GC heap after
Heap after GC invocations=39 (full 4):
 PSYoungGen      total 274432K, used 7332K [0x00000000e0000000, 0x00000000f5980000, 0x0000000100000000)
  eden space 231424K, 0% used [0x00000000e0000000,0x00000000e0000000,0x00000000ee200000)
  from space 43008K, 17% used [0x00000000ee200000,0x00000000ee9293a0,0x00000000f0c00000)
  to   space 43008K, 0% used [0x00000000f2f80000,0x00000000f2f80000,0x00000000f5980000)
 ParOldGen       total 151552K, used 104531K [0x00000000a0000000, 0x00000000a9400000, 0x00000000e0000000)
  object space 151552K, 68% used [0x00000000a0000000,0x00000000a6614ca8,0x00000000a9400000)
 Metaspace       used 154420K, capacity 160761K, committed 162472K, reserved 1191936K
  class space    used 19424K, capacity 20579K, committed 20904K, reserved 1048576K
}
Event: 4116.525 GC heap before
{Heap before GC invocations=40 (full 4):
 PSYoungGen      total 274432K, used 238756K [0x00000000e0000000, 0x00000000f5980000, 0x0000000100000000)
  eden space 231424K, 100% used [0x00000000e0000000,0x00000000ee200000,0x00000000ee200000)
  from space 43008K, 17% used [0x00000000ee200000,0x00000000ee9293a0,0x00000000f0c00000)
  to   space 43008K, 0% used [0x00000000f2f80000,0x00000000f2f80000,0x00000000f5980000)
 ParOldGen       total 151552K, used 104531K [0x00000000a0000000, 0x00000000a9400000, 0x00000000e0000000)
  object space 151552K, 68% used [0x00000000a0000000,0x00000000a6614ca8,0x00000000a9400000)
 Metaspace       used 154704K, capacity 161081K, committed 162856K, reserved 1191936K
  class space    used 19447K, capacity 20615K, committed 21032K, reserved 1048576K
Event: 4116.581 GC heap after
Heap after GC invocations=40 (full 4):
 PSYoungGen      total 307712K, used 8613K [0x00000000e0000000, 0x00000000f5700000, 0x0000000100000000)
  eden space 267264K, 0% used [0x00000000e0000000,0x00000000e0000000,0x00000000f0500000)
  from space 40448K, 21% used [0x00000000f2f80000,0x00000000f37e9710,0x00000000f5700000)
  to   space 41984K, 0% used [0x00000000f0500000,0x00000000f0500000,0x00000000f2e00000)
 ParOldGen       total 151552K, used 107352K [0x00000000a0000000, 0x00000000a9400000, 0x00000000e0000000)
  object space 151552K, 70% used [0x00000000a0000000,0x00000000a68d61c8,0x00000000a9400000)
 Metaspace       used 154704K, capacity 161081K, committed 162856K, reserved 1191936K
  class space    used 19447K, capacity 20615K, committed 21032K, reserved 1048576K
}
Event: 4120.542 GC heap before
{Heap before GC invocations=41 (full 4):
 PSYoungGen      total 307712K, used 275877K [0x00000000e0000000, 0x00000000f5700000, 0x0000000100000000)
  eden space 267264K, 100% used [0x00000000e0000000,0x00000000f0500000,0x00000000f0500000)
  from space 40448K, 21% used [0x00000000f2f80000,0x00000000f37e9710,0x00000000f5700000)
  to   space 41984K, 0% used [0x00000000f0500000,0x00000000f0500000,0x00000000f2e00000)
 ParOldGen       total 151552K, used 107352K [0x00000000a0000000, 0x00000000a9400000, 0x00000000e0000000)
  object space 151552K, 70% used [0x00000000a0000000,0x00000000a68d61c8,0x00000000a9400000)
 Metaspace       used 154829K, capacity 161159K, committed 162856K, reserved 1191936K
  class space    used 19449K, capacity 20618K, committed 21032K, reserved 1048576K
Event: 4120.588 GC heap after
Heap after GC invocations=41 (full 4):
 PSYoungGen      total 309248K, used 2876K [0x00000000e0000000, 0x00000000f7d80000, 0x0000000100000000)
  eden space 267264K, 0% used [0x00000000e0000000,0x00000000e0000000,0x00000000f0500000)
  from space 41984K, 6% used [0x00000000f0500000,0x00000000f07cf158,0x00000000f2e00000)
  to   space 41984K, 0% used [0x00000000f5480000,0x00000000f5480000,0x00000000f7d80000)
 ParOldGen       total 151552K, used 113715K [0x00000000a0000000, 0x00000000a9400000, 0x00000000e0000000)
  object space 151552K, 75% used [0x00000000a0000000,0x00000000a6f0ce18,0x00000000a9400000)
 Metaspace       used 154829K, capacity 161159K, committed 162856K, reserved 1191936K
  class space    used 19449K, capacity 20618K, committed 21032K, reserved 1048576K
}

